<?xml version="1.0" encoding="UTF-8"?>
<!-- Generated by org.testng.reporters.JUnitXMLReporter -->
<testsuite ignored="3" hostname="T" failures="0" tests="1" name="Default test" time="3.24" errors="0" timestamp="2025-08-03T21:46:27 IST">
  <testcase classname="twarita.restAssured.tests.DataParameterization" name="addBookWithExternalFiles" time="3.173"/>
  <testcase classname="twarita.restAssured.tests.DataParameterization" name="deleteBookWithTestNGDataProvider" time="0.0">
    <ignored/>
  </testcase> <!-- deleteBookWithTestNGDataProvider -->
  <testcase classname="twarita.restAssured.tests.DataParameterization" name="addBook" time="0.0">
    <ignored/>
  </testcase> <!-- addBook -->
  <testcase classname="twarita.restAssured.tests.DataParameterization" name="addBookWithTestNGDataProvider" time="0.0">
    <ignored/>
  </testcase> <!-- addBookWithTestNGDataProvider -->
</testsuite> <!-- Default test -->
