<?xml version="1.0" encoding="UTF-8"?>
<testng-results ignored="0" total="1" passed="1" failed="0" skipped="0">
  <reporter-output>
  </reporter-output>
  <suite started-at="2025-08-05T11:38:04 IST" name="Default suite" finished-at="2025-08-05T11:38:08 IST" duration-ms="3870">
    <groups>
    </groups>
    <test started-at="2025-08-05T11:38:04 IST" name="Default test" finished-at="2025-08-05T11:38:08 IST" duration-ms="3870">
      <class name="twarita.restAssured.tests.JIRA_IssueCreation">
        <test-method signature="createBug()[pri:0, instance:twarita.restAssured.tests.JIRA_IssueCreation@4c1909a3]" started-at="2025-08-05T11:38:04 IST" name="createBug" finished-at="2025-08-05T11:38:08 IST" duration-ms="3830" status="PASS">
          <reporter-output>
          </reporter-output>
        </test-method> <!-- createBug -->
      </class> <!-- twarita.restAssured.tests.JIRA_IssueCreation -->
    </test> <!-- Default test -->
  </suite> <!-- Default suite -->
</testng-results>
