<?xml version="1.0" encoding="UTF-8"?>
<testng-results ignored="3" total="4" passed="1" failed="0" skipped="0">
  <reporter-output>
  </reporter-output>
  <suite started-at="2025-08-03T21:46:24 IST" name="Default suite" finished-at="2025-08-03T21:46:27 IST" duration-ms="3240">
    <groups>
    </groups>
    <test started-at="2025-08-03T21:46:24 IST" name="Default test" finished-at="2025-08-03T21:46:27 IST" duration-ms="3240">
      <class name="twarita.restAssured.tests.DataParameterization">
        <test-method signature="addBookWithExternalFiles()[pri:0, instance:twarita.restAssured.tests.DataParameterization@130c12b7]" started-at="2025-08-03T21:46:24 IST" name="addBookWithExternalFiles" finished-at="2025-08-03T21:46:27 IST" duration-ms="3173" status="PASS">
          <reporter-output>
          </reporter-output>
        </test-method> <!-- addBookWithExternalFiles -->
      </class> <!-- twarita.restAssured.tests.DataParameterization -->
    </test> <!-- Default test -->
  </suite> <!-- Default suite -->
</testng-results>
